#
# There is insufficient memory for the Java Runtime Environment to continue.
# Native memory allocation (mmap) failed to map 130023424 bytes for G1 virtual space
# Possible reasons:
#   The system is out of physical RAM or swap space
#   The process is running with CompressedOops enabled, and the Java Heap may be blocking the growth of the native heap
# Possible solutions:
#   Reduce memory load on the system
#   Increase physical memory or swap space
#   Check if swap backing store is full
#   Decrease Java heap size (-Xmx/-Xms)
#   Decrease number of Java threads
#   Decrease Java thread stack sizes (-Xss)
#   Set larger code cache with -XX:ReservedCodeCacheSize=
#   JVM is running with Unscaled Compressed Oops mode in which the Java heap is
#     placed in the first 4GB address space. The Java Heap base address is the
#     maximum limit for the native heap growth. Please use -XX:HeapBaseMinAddress
#     to set the Java Heap base and to place the Java Heap above 4GB virtual address.
# This output file may be truncated or incomplete.
#
#  Out of Memory Error (os_windows.cpp:3548), pid=10108, tid=26480
#
# JRE version:  (17.0.12+8) (build )
# Java VM: Java HotSpot(TM) 64-Bit Server VM (17.0.12+8-LTS-286, mixed mode, sharing, tiered, compressed oops, compressed class ptrs, g1 gc, windows-amd64)
# No core dump will be written. Minidumps are not enabled by default on client versions of Windows
#

---------------  S U M M A R Y ------------

Command Line: --enable-native-access=ALL-UNNAMED -Dclassworlds.conf=C:\Users\kurap\.m2\wrapper\dists\apache-maven-3.9.16\0daed3be3ebd1c706f0e69e8b07c6b73f5cc4ea3dfce72a8d0ec2e849ca2ddb0\bin\m2.conf -Dmaven.home=C:\Users\kurap\.m2\wrapper\dists\apache-maven-3.9.16\0daed3be3ebd1c706f0e69e8b07c6b73f5cc4ea3dfce72a8d0ec2e849ca2ddb0 -Dlibrary.jansi.path=C:\Users\kurap\.m2\wrapper\dists\apache-maven-3.9.16\0daed3be3ebd1c706f0e69e8b07c6b73f5cc4ea3dfce72a8d0ec2e849ca2ddb0\lib\jansi-native -Dmaven.multiModuleProjectDirectory=C:\Users\kurap\OneDrive\Desktop\bikeBooking\bike_booking\bike_booking org.codehaus.plexus.classworlds.launcher.Launcher -DskipTests=true -Dmaven.ext.class.path=C:\Users\kurap\.vscode\extensions\oracle.oracle-java-25.1.0\nbcode\java\maven-nblib\netbeans-eventspy.jar --no-transfer-progress --fail-at-end install

Host: 12th Gen Intel(R) Core(TM) i5-1235U, 12 cores, 7G,  Windows 11 , 64 bit Build 26100 (10.0.26100.8521)
Time: Mon Jun  1 13:47:43 2026 India Standard Time elapsed time: 0.038311 seconds (0d 0h 0m 0s)

---------------  T H R E A D  ---------------

Current thread (0x0000026a1ce17df0):  JavaThread "Unknown thread" [_thread_in_vm, id=26480, stack(0x000000948b300000,0x000000948b400000)]

Stack: [0x000000948b300000,0x000000948b400000]
Native frames: (J=compiled Java code, j=interpreted, Vv=VM code, C=native code)
V  [jvm.dll+0x67a04a]
V  [jvm.dll+0x7da4ed]
V  [jvm.dll+0x7dbe33]
V  [jvm.dll+0x7dc4a3]
V  [jvm.dll+0x24508f]
V  [jvm.dll+0x677089]
V  [jvm.dll+0x66bd32]
V  [jvm.dll+0x301fa6]
V  [jvm.dll+0x309546]
V  [jvm.dll+0x359d2e]
V  [jvm.dll+0x359f5f]
V  [jvm.dll+0x2d9078]
V  [jvm.dll+0x2d9fe4]
V  [jvm.dll+0x7aca21]
V  [jvm.dll+0x367591]
V  [jvm.dll+0x78b999]
V  [jvm.dll+0x3ec83f]
V  [jvm.dll+0x3ee471]
C  [jli.dll+0x5297]
C  [ucrtbase.dll+0x2cd30]
C  [KERNEL32.DLL+0x2e957]
C  [ntdll.dll+0x87c1c]


---------------  P R O C E S S  ---------------

Threads class SMR info:
_java_thread_list=0x00007ffe00b97a18, length=0, elements={
}

Java Threads: ( => current thread )

Other Threads:
  0x0000026a1ce741a0 GCTaskThread "GC Thread#0" [stack: 0x000000948b400000,0x000000948b500000] [id=5532]
  0x0000026a1ce85550 ConcurrentGCThread "G1 Main Marker" [stack: 0x000000948b500000,0x000000948b600000] [id=2068]
  0x0000026a1ce86a40 ConcurrentGCThread "G1 Conc#0" [stack: 0x000000948b600000,0x000000948b700000] [id=264]

[error occurred during error reporting (printing all threads), id 0xc0000005, EXCEPTION_ACCESS_VIOLATION (0xc0000005) at pc=0x00007ffe003c9b67]

VM state: not at safepoint (not fully initialized)

VM Mutex/Monitor currently owned by a thread:  ([mutex/lock_event])
[0x0000026a1ce14290] Heap_lock - owner thread: 0x0000026a1ce17df0

Heap address: 0x0000000084e00000, size: 1970 MB, Compressed Oops mode: 32-bit

CDS archive(s) mapped at: [0x0000000000000000-0x0000000000000000-0x0000000000000000), size 0, SharedBaseAddress: 0x0000000800000000, ArchiveRelocationMode: 1.
Narrow klass base: 0x0000000000000000, Narrow klass shift: 0, Narrow klass range: 0x0

GC Precious Log:
<Empty>

Heap:
 garbage-first heap   total 0K, used 0K [0x0000000084e00000, 0x0000000100000000)
  region size 1024K, 0 young (0K), 0 survivors (0K)

[error occurred during error reporting (printing heap information), id 0xc0000005, EXCEPTION_ACCESS_VIOLATION (0xc0000005) at pc=0x00007ffe007b3859]

GC Heap History (0 events):
No events

Deoptimization events (0 events):
No events

Classes unloaded (0 events):
No events

Classes redefined (0 events):
No events

Internal exceptions (0 events):
No events

VM Operations (0 events):
No events

Events (1 events):
Event: 0.025 Loaded shared library C:\Program Files\Java\jdk-17\bin\java.dll


Dynamic libraries:
0x00007ff773530000 - 0x00007ff773540000 	C:\Program Files\Java\jdk-17\bin\java.exe
0x00007ffe89320000 - 0x00007ffe89586000 	C:\WINDOWS\SYSTEM32\ntdll.dll
0x00007ffe87e50000 - 0x00007ffe87f19000 	C:\WINDOWS\System32\KERNEL32.DLL
0x00007ffe865b0000 - 0x00007ffe869aa000 	C:\WINDOWS\System32\KERNELBASE.dll
0x00007ffe82c10000 - 0x00007ffe82cb0000 	C:\WINDOWS\SYSTEM32\apphelp.dll
0x00007ffe86a60000 - 0x00007ffe86bac000 	C:\WINDOWS\System32\ucrtbase.dll
0x00007ffe709d0000 - 0x00007ffe709eb000 	C:\Program Files\Java\jdk-17\bin\VCRUNTIME140.dll
0x00007ffe70840000 - 0x00007ffe70859000 	C:\Program Files\Java\jdk-17\bin\jli.dll
0x00007ffe87d90000 - 0x00007ffe87e46000 	C:\WINDOWS\System32\ADVAPI32.dll
0x00007ffe88e60000 - 0x00007ffe88f09000 	C:\WINDOWS\System32\msvcrt.dll
0x00007ffe87b10000 - 0x00007ffe87bba000 	C:\WINDOWS\System32\sechost.dll
0x00007ffe87f20000 - 0x00007ffe88038000 	C:\WINDOWS\System32\RPCRT4.dll
0x00007ffe88aa0000 - 0x00007ffe88c67000 	C:\WINDOWS\System32\USER32.dll
0x00007ffe6bf80000 - 0x00007ffe6c212000 	C:\WINDOWS\WinSxS\amd64_microsoft.windows.common-controls_6595b64144ccf1df_6.0.26100.8521_none_3e08b75ce33403b3\COMCTL32.dll
0x00007ffe86c70000 - 0x00007ffe86c97000 	C:\WINDOWS\System32\win32u.dll
0x00007ffe87190000 - 0x00007ffe871bb000 	C:\WINDOWS\System32\GDI32.dll
0x00007ffe86f60000 - 0x00007ffe8708b000 	C:\WINDOWS\System32\gdi32full.dll
0x00007ffe86e20000 - 0x00007ffe86ec3000 	C:\WINDOWS\System32\msvcp_win.dll
0x00007ffe6f720000 - 0x00007ffe6f72b000 	C:\WINDOWS\SYSTEM32\VERSION.dll
0x00007ffe87630000 - 0x00007ffe87662000 	C:\WINDOWS\System32\IMM32.DLL
0x00007ffe72250000 - 0x00007ffe7225c000 	C:\Program Files\Java\jdk-17\bin\vcruntime140_1.dll
0x00007ffe3f5a0000 - 0x00007ffe3f62e000 	C:\Program Files\Java\jdk-17\bin\msvcp140.dll
0x00007ffe000e0000 - 0x00007ffe00cc0000 	C:\Program Files\Java\jdk-17\bin\server\jvm.dll
0x00007ffe88fd0000 - 0x00007ffe88fd8000 	C:\WINDOWS\System32\PSAPI.DLL
0x00007ffe82dd0000 - 0x00007ffe82e06000 	C:\WINDOWS\SYSTEM32\WINMM.dll
0x00007ffe74170000 - 0x00007ffe7417a000 	C:\WINDOWS\SYSTEM32\WSOCK32.dll
0x00007ffe87100000 - 0x00007ffe87180000 	C:\WINDOWS\System32\WS2_32.dll
0x00007ffe85340000 - 0x00007ffe8535b000 	C:\WINDOWS\SYSTEM32\kernel.appcore.dll
0x00007ffe707c0000 - 0x00007ffe707ca000 	C:\Program Files\Java\jdk-17\bin\jimage.dll
0x00007ffe83d20000 - 0x00007ffe83f62000 	C:\WINDOWS\SYSTEM32\DBGHELP.DLL
0x00007ffe871c0000 - 0x00007ffe87543000 	C:\WINDOWS\System32\combase.dll
0x00007ffe87550000 - 0x00007ffe87629000 	C:\WINDOWS\System32\OLEAUT32.dll
0x00007ffe6cf20000 - 0x00007ffe6cf5b000 	C:\WINDOWS\SYSTEM32\dbgcore.DLL
0x00007ffe869b0000 - 0x00007ffe86a58000 	C:\WINDOWS\System32\bcryptPrimitives.dll
0x00007ffe70500000 - 0x00007ffe70525000 	C:\Program Files\Java\jdk-17\bin\java.dll

dbghelp: loaded successfully - version: 4.0.5 - missing functions: none
symbol engine: initialized successfully - sym options: 0x614 - pdb path: .;C:\Program Files\Java\jdk-17\bin;C:\WINDOWS\SYSTEM32;C:\WINDOWS\WinSxS\amd64_microsoft.windows.common-controls_6595b64144ccf1df_6.0.26100.8521_none_3e08b75ce33403b3;C:\Program Files\Java\jdk-17\bin\server

VM Arguments:
jvm_args: --enable-native-access=ALL-UNNAMED -Dclassworlds.conf=C:\Users\kurap\.m2\wrapper\dists\apache-maven-3.9.16\0daed3be3ebd1c706f0e69e8b07c6b73f5cc4ea3dfce72a8d0ec2e849ca2ddb0\bin\m2.conf -Dmaven.home=C:\Users\kurap\.m2\wrapper\dists\apache-maven-3.9.16\0daed3be3ebd1c706f0e69e8b07c6b73f5cc4ea3dfce72a8d0ec2e849ca2ddb0 -Dlibrary.jansi.path=C:\Users\kurap\.m2\wrapper\dists\apache-maven-3.9.16\0daed3be3ebd1c706f0e69e8b07c6b73f5cc4ea3dfce72a8d0ec2e849ca2ddb0\lib\jansi-native -Dmaven.multiModuleProjectDirectory=C:\Users\kurap\OneDrive\Desktop\bikeBooking\bike_booking\bike_booking 
java_command: org.codehaus.plexus.classworlds.launcher.Launcher -DskipTests=true -Dmaven.ext.class.path=C:\Users\kurap\.vscode\extensions\oracle.oracle-java-25.1.0\nbcode\java\maven-nblib\netbeans-eventspy.jar --no-transfer-progress --fail-at-end install
java_class_path (initial): C:\Users\kurap\.m2\wrapper\dists\apache-maven-3.9.16\0daed3be3ebd1c706f0e69e8b07c6b73f5cc4ea3dfce72a8d0ec2e849ca2ddb0\boot\plexus-classworlds-2.11.0.jar
Launcher Type: SUN_STANDARD

[Global flags]
     intx CICompilerCount                          = 4                                         {product} {ergonomic}
     uint ConcGCThreads                            = 3                                         {product} {ergonomic}
     uint G1ConcRefinementThreads                  = 10                                        {product} {ergonomic}
   size_t G1HeapRegionSize                         = 1048576                                   {product} {ergonomic}
    uintx GCDrainStackTargetSize                   = 64                                        {product} {ergonomic}
   size_t InitialHeapSize                          = 130023424                                 {product} {ergonomic}
   size_t MarkStackSize                            = 4194304                                   {product} {ergonomic}
   size_t MaxHeapSize                              = 2065694720                                {product} {ergonomic}
   size_t MinHeapDeltaBytes                        = 1048576                                   {product} {ergonomic}
   size_t MinHeapSize                              = 8388608                                   {product} {ergonomic}
    uintx NonNMethodCodeHeapSize                   = 5839372                                {pd product} {ergonomic}
    uintx NonProfiledCodeHeapSize                  = 122909434                              {pd product} {ergonomic}
    uintx ProfiledCodeHeapSize                     = 122909434                              {pd product} {ergonomic}
    uintx ReservedCodeCacheSize                    = 251658240                              {pd product} {ergonomic}
     bool SegmentedCodeCache                       = true                                      {product} {ergonomic}
   size_t SoftMaxHeapSize                          = 2065694720                             {manageable} {ergonomic}
     bool UseCompressedClassPointers               = true                           {product lp64_product} {ergonomic}
     bool UseCompressedOops                        = true                           {product lp64_product} {ergonomic}
     bool UseG1GC                                  = true                                      {product} {ergonomic}
     bool UseLargePagesIndividualAllocation        = false                                  {pd product} {ergonomic}

Logging:
Log output configuration:
 #0: stdout all=warning uptime,level,tags
 #1: stderr all=off uptime,level,tags

Environment Variables:
JAVA_HOME=C:\Program Files\Java\jdk-17
PATH=C:\Python314\Scripts\;C:\Python314\;C:\Program Files\Common Files\Oracle\Java\javapath;C:\Program Files (x86)\VMware\VMware Workstation\bin\;C:\WINDOWS\system32;C:\WINDOWS;C:\Program Files\nodejs\;C:\WINDOWS\System32\Wbem;C:\WINDOWS\System32\WindowsPowerShell\v1.0\;C:\WINDOWS\System32\OpenSSH\;C:\Program Files\dotnet\;C:\ProgramData\chocolatey\bin;C:\Users\kurap\AppData\Local\nvm;C:\nvm4w\nodejs;C:\Program Files\Git\cmd;C:\Program Files\Microsoft SQL Server\Client SDK\ODBC\170\Tools\Binn\;C:\Program Files (x86)\Microsoft SQL Server\150\Tools\Binn\;C:\Program Files\Microsoft SQL Server\150\Tools\Binn\;C:\Program Files\Microsoft SQL Server\150\DTS\Binn\;C:\Program Files\Docker\Docker\resources\bin;C:\Users\kurap\Downloads\apache-maven-3.9.15-bin.zip\apache-maven-3.9.15\bin;C:\Users\kurap\Downloads\apache-maven-3.9.15-bin.zip\apache-maven-3.9.15\bin;C:\Program Files\Maven\apache-maven-3.9.15-bin\apache-maven-3.9.15\bin;C:\Program Files\MySQL\MySQL Server 8.0\bin;"C:\Program Files\MySQL\MySQL Server 8.0\bin;";C:\Users\kurap\AppData\Local\Programs\Python\Launcher\;C:\Users\kurap\AppData\Local\Microsoft\WindowsApps;C:\Users\kurap\AppData\Local\nvm;C:\nvm4w\nodejs;C:\Users\kurap\AppData\Local\Programs\Microsoft VS Code\bin;C:\Users\kurap\AppData\Roaming\npm;
USERNAME=kurap
OS=Windows_NT
PROCESSOR_IDENTIFIER=Intel64 Family 6 Model 154 Stepping 4, GenuineIntel



---------------  S Y S T E M  ---------------

OS:
 Windows 11 , 64 bit Build 26100 (10.0.26100.8521)
OS uptime: 0 days 4:10 hours
Hyper-V role detected

CPU: total 12 (initial active 12) (6 cores per cpu, 2 threads per core) family 6 model 154 stepping 4 microcode 0x43b, cx8, cmov, fxsr, ht, mmx, 3dnowpref, sse, sse2, sse3, ssse3, sse4.1, sse4.2, popcnt, lzcnt, tsc, tscinvbit, avx, avx2, aes, erms, clmul, bmi1, bmi2, adx, sha, fma, vzeroupper, clflush, clflushopt, clwb, hv

Memory: 4k page, system-wide physical 7876M (687M free)
TotalPageFile size 17341M (AvailPageFile size 107M)
current process WorkingSet (physical memory assigned to process): 13M, peak: 13M
current process commit charge ("private bytes"): 64M, peak: 188M

vm_info: Java HotSpot(TM) 64-Bit Server VM (17.0.12+8-LTS-286) for windows-amd64 JRE (17.0.12+8-LTS-286), built on Jun  5 2024 06:46:59 by "mach5one" with MS VC++ 17.6 (VS2022)

END.
